Added Component: Designator=C1(CAPC0805(2012)75_L)
Added Component: Designator=C2(CAPC0805(2012)75_L)
Added Component: Designator=C3(CAPC0805(2012)145_L)
Added Component: Designator=C4(CAPC0805(2012)75_L)
Added Component: Designator=C5(CAPC0805(2012)145_N)
Added Component: Designator=C6(CAPC0805(2012)75_L)
Added Component: Designator=C7(CAPC0805(2012)75_L)
Added Component: Designator=C8(CAPC0805(2012)145_N)
Added Component: Designator=C9(CAPC0805(2012)110_L)
Added Component: Designator=C10(CAPC0805(2012)145_N)
Added Component: Designator=C11(CAPC0805(2012)110_L)
Added Component: Designator=D1(MCSM-DO-35-2)
Added Component: Designator=D2(MCSM-DO-35-2)
Added Component: Designator=D3(MCSM-DO-35-2)
Added Component: Designator=D4(MCSM-DO-35-2)
Added Component: Designator=D5(MCSM-DO-35-2)
Added Component: Designator=D6(MCSM-DO-35-2)
Added Component: Designator=D7(MCSM-DO-35-2)
Added Component: Designator=D8(MCSM-DO-35-2)
Added Component: Designator=Q1(ONSC-TO-92-3-29-11)
Added Component: Designator=R1(RESC0805(2012)_L)
Added Component: Designator=R2(RESC0805(2012)_L)
Added Component: Designator=R3(RESC0805(2012)_L)
Added Component: Designator=R4(RESC0805(2012)_L)
Added Component: Designator=R5(RESC0805(2012)_L)
Added Component: Designator=R6(RESC0805(2012)_L)
Added Component: Designator=R7(RESC0805(2012)_L)
Added Component: Designator=R8(ALPHA_POT)
Added Component: Designator=R9(RESC0805(2012)_L)
Added Component: Designator=R10(RESC0805(2012)_L)
Added Component: Designator=R11(ALPHA_POT)
Added Component: Designator=R12(ALPHA_POT)
Added Component: Designator=SW1(SPDT_JUMPER)
Added Component: Designator=U1(D0008A_L)
Added Pin To Net: NetName=4.5V Pin=C3-2
Added Pin To Net: NetName=4.5V Pin=R1-2
Added Pin To Net: NetName=4.5V Pin=R9-2
Added Net: Name=4.5V
Added Net: Name=AUDIO_IN
Added Net: Name=AUDIO_OUT
Added Net: Name=BYPASS
Added Pin To Net: NetName=CC_OUT Pin=C5-1
Added Pin To Net: NetName=CC_OUT Pin=Q1-3
Added Pin To Net: NetName=CC_OUT Pin=R3-2
Added Net: Name=CC_OUT
Added Pin To Net: NetName=DRIVE_OUT Pin=C2-2
Added Pin To Net: NetName=DRIVE_OUT Pin=D4-1
Added Pin To Net: NetName=DRIVE_OUT Pin=D6-2
Added Pin To Net: NetName=DRIVE_OUT Pin=D7-1
Added Pin To Net: NetName=DRIVE_OUT Pin=D8-2
Added Pin To Net: NetName=DRIVE_OUT Pin=R8-1
Added Pin To Net: NetName=DRIVE_OUT Pin=R8-2
Added Pin To Net: NetName=DRIVE_OUT Pin=R10-2
Added Pin To Net: NetName=DRIVE_OUT Pin=U1-1
Added Net: Name=DRIVE_OUT
Added Pin To Net: NetName=EFFECT_OUT Pin=R12-2
Added Pin To Net: NetName=EFFECT_OUT Pin=SW1-1
Added Net: Name=EFFECT_OUT
Added Pin To Net: NetName=GND Pin=C6-2
Added Pin To Net: NetName=GND Pin=C7-2
Added Pin To Net: NetName=GND Pin=C8-1
Added Pin To Net: NetName=GND Pin=C9-2
Added Pin To Net: NetName=GND Pin=C10-1
Added Pin To Net: NetName=GND Pin=C11-2
Added Pin To Net: NetName=GND Pin=D2-1
Added Pin To Net: NetName=GND Pin=R3-1
Added Pin To Net: NetName=GND Pin=R4-2
Added Pin To Net: NetName=GND Pin=R12-3
Added Pin To Net: NetName=GND Pin=U1-4
Added Net: Name=GND
Added Pin To Net: NetName=NetC1_1 Pin=C1-1
Added Pin To Net: NetName=NetC1_1 Pin=D1-1
Added Pin To Net: NetName=NetC1_1 Pin=D2-2
Added Pin To Net: NetName=NetC1_1 Pin=Q1-2
Added Pin To Net: NetName=NetC1_1 Pin=R1-1
Added Net: Name=NetC1_1
Added Pin To Net: NetName=NetC1_2 Pin=C1-2
Added Pin To Net: NetName=NetC1_2 Pin=R2-1
Added Net: Name=NetC1_2
Added Pin To Net: NetName=NetC2_1 Pin=C2-1
Added Pin To Net: NetName=NetC2_1 Pin=D3-2
Added Pin To Net: NetName=NetC2_1 Pin=D5-1
Added Pin To Net: NetName=NetC2_1 Pin=R6-1
Added Pin To Net: NetName=NetC2_1 Pin=R7-2
Added Pin To Net: NetName=NetC2_1 Pin=U1-2
Added Net: Name=NetC2_1
Added Pin To Net: NetName=NetC3_1 Pin=C3-1
Added Pin To Net: NetName=NetC3_1 Pin=R6-2
Added Net: Name=NetC3_1
Added Pin To Net: NetName=NetC4_1 Pin=C4-1
Added Pin To Net: NetName=NetC4_1 Pin=R12-1
Added Net: Name=NetC4_1
Added Pin To Net: NetName=NetC4_2 Pin=C4-2
Added Pin To Net: NetName=NetC4_2 Pin=R5-1
Added Pin To Net: NetName=NetC4_2 Pin=U1-7
Added Net: Name=NetC4_2
Added Pin To Net: NetName=NetC5_2 Pin=C5-2
Added Pin To Net: NetName=NetC5_2 Pin=R9-1
Added Pin To Net: NetName=NetC5_2 Pin=U1-3
Added Net: Name=NetC5_2
Added Pin To Net: NetName=NetC6_1 Pin=C6-1
Added Pin To Net: NetName=NetC6_1 Pin=R11-1
Added Pin To Net: NetName=NetC6_1 Pin=R11-2
Added Pin To Net: NetName=NetC6_1 Pin=U1-5
Added Net: Name=NetC6_1
Added Pin To Net: NetName=NetC7_1 Pin=C7-1
Added Pin To Net: NetName=NetC7_1 Pin=R10-1
Added Pin To Net: NetName=NetC7_1 Pin=R11-3
Added Net: Name=NetC7_1
Added Pin To Net: NetName=NetD3_1 Pin=D3-1
Added Pin To Net: NetName=NetD3_1 Pin=D4-2
Added Net: Name=NetD3_1
Added Pin To Net: NetName=NetD5_2 Pin=D5-2
Added Pin To Net: NetName=NetD5_2 Pin=D6-1
Added Net: Name=NetD5_2
Added Pin To Net: NetName=NetD7_2 Pin=D7-2
Added Pin To Net: NetName=NetD7_2 Pin=D8-1
Added Net: Name=NetD7_2
Added Net: Name=NetP1_1
Added Pin To Net: NetName=NetR2_2 Pin=R2-2
Added Pin To Net: NetName=NetR2_2 Pin=SW1-2
Added Net: Name=NetR2_2
Added Pin To Net: NetName=NetR4_1 Pin=R4-1
Added Pin To Net: NetName=NetR4_1 Pin=R5-2
Added Pin To Net: NetName=NetR4_1 Pin=U1-6
Added Net: Name=NetR4_1
Added Pin To Net: NetName=NetR7_1 Pin=R7-1
Added Pin To Net: NetName=NetR7_1 Pin=R8-3
Added Net: Name=NetR7_1
Added Pin To Net: NetName=VBAT Pin=C8-2
Added Pin To Net: NetName=VBAT Pin=C9-1
Added Pin To Net: NetName=VBAT Pin=C10-2
Added Pin To Net: NetName=VBAT Pin=C11-1
Added Pin To Net: NetName=VBAT Pin=D1-2
Added Pin To Net: NetName=VBAT Pin=Q1-1
Added Pin To Net: NetName=VBAT Pin=U1-8
Added Net: Name=VBAT
Added Class: Name=solid_state_overdrive
