Replace Part C? CAP in C:\Electronics Trunk\Overdrive Pedal\solid_state_overdrive.SchDoc with CAP from Altium Content Vault
Replace Part C? CAP in C:\Electronics Trunk\Overdrive Pedal\solid_state_overdrive.SchDoc with CAP from Altium Content Vault
Replace Part C? CAP in C:\Electronics Trunk\Overdrive Pedal\solid_state_overdrive.SchDoc with CAP from Altium Content Vault
Replace Part C? CAP in C:\Electronics Trunk\Overdrive Pedal\solid_state_overdrive.SchDoc with CAP from Altium Content Vault
Replace Part C? CAP in C:\Electronics Trunk\Overdrive Pedal\solid_state_overdrive.SchDoc with CAP from Altium Content Vault
Replace Part C? CAP in C:\Electronics Trunk\Overdrive Pedal\solid_state_overdrive.SchDoc with CAP from Altium Content Vault
Replace Part C? CAP in C:\Electronics Trunk\Overdrive Pedal\solid_state_overdrive.SchDoc with CAP from Altium Content Vault
Replace Part C? CAP in C:\Electronics Trunk\Overdrive Pedal\solid_state_overdrive.SchDoc with CAP from Altium Content Vault
Replace Part C? CAP in C:\Electronics Trunk\Overdrive Pedal\solid_state_overdrive.SchDoc with CAP from Altium Content Vault
Replace Part C? CAP in C:\Electronics Trunk\Overdrive Pedal\solid_state_overdrive.SchDoc with CAP from Altium Content Vault
Replace Part C? CAP in C:\Electronics Trunk\Overdrive Pedal\solid_state_overdrive.SchDoc with CAP from Altium Content Vault
Replace Part D? D-AK-2 in C:\Electronics Trunk\Overdrive Pedal\solid_state_overdrive.SchDoc with D-AK-2 from Altium Content Vault
Replace Part D? D-AK-2 in C:\Electronics Trunk\Overdrive Pedal\solid_state_overdrive.SchDoc with D-AK-2 from Altium Content Vault
Replace Part D? D-AK-2 in C:\Electronics Trunk\Overdrive Pedal\solid_state_overdrive.SchDoc with D-AK-2 from Altium Content Vault
Replace Part D? D-AK-2 in C:\Electronics Trunk\Overdrive Pedal\solid_state_overdrive.SchDoc with D-AK-2 from Altium Content Vault
Replace Part D? D-AK-2 in C:\Electronics Trunk\Overdrive Pedal\solid_state_overdrive.SchDoc with D-AK-2 from Altium Content Vault
Replace Part D? D-AK-2 in C:\Electronics Trunk\Overdrive Pedal\solid_state_overdrive.SchDoc with D-AK-2 from Altium Content Vault
Replace Part D? D-AK-2 in C:\Electronics Trunk\Overdrive Pedal\solid_state_overdrive.SchDoc with D-AK-2 from Altium Content Vault
Replace Part D? D-AK-2 in C:\Electronics Trunk\Overdrive Pedal\solid_state_overdrive.SchDoc with D-AK-2 from Altium Content Vault
Replace Part http://www.taydaelectronics.com/potentiometer-variable-resistors/rotary-potentiometer/linear/b50k-ohm-linear-taper-potentiometer-round-knurled-plastic-shaft-pcb-9mm.html ALPHA-POT in C:\Electronics Trunk\Overdrive Pedal\solid_state_overdrive.SchDoc with ALPHA-POT from Guitar_Effects.SchLib
Replace Part http://www.taydaelectronics.com/potentiometer-variable-resistors/rotary-potentiometer/linear/b? ALPHA-POT in C:\Electronics Trunk\Overdrive Pedal\solid_state_overdrive.SchDoc with ALPHA-POT from Guitar_Effects.SchLib
Replace Part P? JACK_MONO_6.35mm in C:\Electronics Trunk\Overdrive Pedal\solid_state_overdrive.SchDoc with JACK_MONO_6.35mm from Guitar_Effects.SchLib
Replace Part P? JACK_MONO_6.35mm in C:\Electronics Trunk\Overdrive Pedal\solid_state_overdrive.SchDoc with JACK_MONO_6.35mm from Guitar_Effects.SchLib
Replace Part Q? ONSC-NPN-C1B2E3-3 in C:\Electronics Trunk\Overdrive Pedal\solid_state_overdrive.SchDoc with ONSC-NPN-C1B2E3-3 from Altium Content Vault
Replace Part R? RES in C:\Electronics Trunk\Overdrive Pedal\solid_state_overdrive.SchDoc with RES from Altium Content Vault
Replace Part R? ALPHA-POT in C:\Electronics Trunk\Overdrive Pedal\solid_state_overdrive.SchDoc with ALPHA-POT from Guitar_Effects.SchLib
Replace Part R? RES in C:\Electronics Trunk\Overdrive Pedal\solid_state_overdrive.SchDoc with RES from Altium Content Vault
Replace Part R? RES in C:\Electronics Trunk\Overdrive Pedal\solid_state_overdrive.SchDoc with RES from Altium Content Vault
Replace Part R? RES in C:\Electronics Trunk\Overdrive Pedal\solid_state_overdrive.SchDoc with RES from Altium Content Vault
Replace Part R? RES in C:\Electronics Trunk\Overdrive Pedal\solid_state_overdrive.SchDoc with RES from Altium Content Vault
Replace Part R? RES in C:\Electronics Trunk\Overdrive Pedal\solid_state_overdrive.SchDoc with RES from Altium Content Vault
Replace Part R? RES in C:\Electronics Trunk\Overdrive Pedal\solid_state_overdrive.SchDoc with RES from Altium Content Vault
Replace Part R? RES in C:\Electronics Trunk\Overdrive Pedal\solid_state_overdrive.SchDoc with RES from Altium Content Vault
Replace Part R? RES in C:\Electronics Trunk\Overdrive Pedal\solid_state_overdrive.SchDoc with RES from Altium Content Vault
Replace Part SW? SPDT SW in C:\Electronics Trunk\Overdrive Pedal\solid_state_overdrive.SchDoc with SPDT SW from Guitar_Effects.SchLib
Replace Part SW? SPST Toggle Switch in C:\Electronics Trunk\Overdrive Pedal\solid_state_overdrive.SchDoc with SPST Toggle Switch from Guitar_Effects.SchLib
Replace Part U? TI-AMP-D6-2-8_D in C:\Electronics Trunk\Overdrive Pedal\solid_state_overdrive.SchDoc with TI-AMP-D6-2-8_D from Altium Content Vault
Replace Part U? TI-AMP-D6-2-8_D in C:\Electronics Trunk\Overdrive Pedal\solid_state_overdrive.SchDoc with TI-AMP-D6-2-8_D from Altium Content Vault
